<component name="libraryTable">
  <library name="junit.contrib.theories" type="repository">
    <properties maven-id="org.junit.contrib:junit-theories:5.0-alpha-3" />
    <CLASSES>
      <root url="jar://$PROJECT_DIR$/lib/junit-theories-5.0-alpha-3.jar!/" />
      <root url="jar://$PROJECT_DIR$/lib/junit-4.12.jar!/" />
      <root url="jar://$PROJECT_DIR$/lib/hamcrest-core-1.3.jar!/" />
      <root url="jar://$PROJECT_DIR$/lib/javaruntype-1.2.jar!/" />
      <root url="jar://$PROJECT_DIR$/lib/antlr-runtime-3.1.2.jar!/" />
    </CLASSES>
    <JAVADOC />
    <SOURCES />
  </library>
</component>